INFO:     Started server process [82008]
INFO:     Waiting for application startup.
INFO:     Application startup complete.
INFO:     Uvicorn running on http://0.0.0.0:8000 (Press CTRL+C to quit)
2026-01-31 21:03:58,044 INFO sqlalchemy.engine.Engine select pg_catalog.version()
2026-01-31 21:03:58,044 INFO sqlalchemy.engine.Engine [raw sql] ()
2026-01-31 21:03:58,053 INFO sqlalchemy.engine.Engine select current_schema()
2026-01-31 21:03:58,053 INFO sqlalchemy.engine.Engine [raw sql] ()
2026-01-31 21:03:58,057 INFO sqlalchemy.engine.Engine show standard_conforming_strings
2026-01-31 21:03:58,057 INFO sqlalchemy.engine.Engine [raw sql] ()
2026-01-31 21:03:58,059 INFO sqlalchemy.engine.Engine BEGIN (implicit)
2026-01-31 21:03:58,061 INFO sqlalchemy.engine.Engine INSERT INTO diagnosisrequest (name, contact, email, address, symptom, image_path) VALUES ($1::VARCHAR, $2::VARCHAR, $3::VARCHAR, $4::VARCHAR, $5::VARCHAR, $6::VARCHAR) RETURNING diagnosisrequest.id, diagnosisrequest.created_at
2026-01-31 21:03:58,061 INFO sqlalchemy.engine.Engine [generated in 0.00018s] ('유수화', '010-0000-0000', None, '테스트', '테스트 상태', None)
2026-01-31 21:03:58,071 INFO sqlalchemy.engine.Engine COMMIT
2026-01-31 21:03:58,074 INFO sqlalchemy.engine.Engine BEGIN (implicit)
2026-01-31 21:03:58,076 INFO sqlalchemy.engine.Engine SELECT diagnosisrequest.id, diagnosisrequest.name, diagnosisrequest.contact, diagnosisrequest.email, diagnosisrequest.address, diagnosisrequest.symptom, diagnosisrequest.image_path, diagnosisrequest.created_at 
FROM diagnosisrequest 
WHERE diagnosisrequest.id = $1::INTEGER
2026-01-31 21:03:58,076 INFO sqlalchemy.engine.Engine [generated in 0.00015s] (8,)
Failed to send email: Exception raised (535, '5.7.8 Username and Password not accepted. For more information, go to\n5.7.8  https://support.google.com/mail/?p=BadCredentials 98e67ed59e1d1-3540f3eca6dsm10467797a91.15 - gsmtp'), check your credentials or email service configuration
INFO:     127.0.0.1:60896 - "POST /api/v1/diagnosis/ HTTP/1.1" 200 OK
2026-01-31 21:04:03,434 INFO sqlalchemy.engine.Engine ROLLBACK
